<?xml version="1.0" encoding="UTF-8"?>
<testsuites tests="1" failures="0" disabled="0" errors="0" timestamp="2017-02-08T16:48:40" time="0.001" name="AllTests">
  <testsuite name="testMath" tests="1" failures="0" disabled="0" errors="0" time="0.001">
    <testcase name="EventRouterTest" status="run" time="0" classname="testMath" />
  </testsuite>
</testsuites>
